<?xml version="1.0" encoding="UTF-8"?>
<testsuite xmlns:xsi="http://www.w3.org/2001/XMLSchema-instance" xsi:noNamespaceSchemaLocation="https://maven.apache.org/surefire/maven-surefire-plugin/xsd/surefire-test-report.xsd" version="3.0.2" name="com.zenvok.direccion.service.DireccionServiceTest" time="2.5" tests="11" errors="0" skipped="0" failures="0" flakes="0">
  <properties>
[...]
</properties>
  <testcase name="listarDirecciones_debeRetornarLista" classname="Test Unit de DireccionService" time="1.571">
    <system-out><![CDATA[2026-06-21 21:30:22 [main] INFO  c.z.d.service.DireccionService - Solicitando listado de todas las direcciones
2026-06-21 21:30:22 [main] INFO  c.z.d.service.DireccionService - Listado de direcciones recuperado exitosamente. Total: 1
]]></system-out>
  </testcase>
  <testcase name="eliminarDireccion_debeLanzarExcepcion_CuandoNoExiste" classname="Test Unit de DireccionService" time="0.02">
    <system-out><![CDATA[2026-06-21 21:30:22 [main] INFO  c.z.d.service.DireccionService - Iniciando eliminacion de dirección: 99
2026-06-21 21:30:22 [main] WARN  c.z.d.service.DireccionService - Intento fallido de eliminación. Dirección no encontrada con id: 99
]]></system-out>
  </testcase>
  <testcase name="actualizarDireccion_debeActualizar_CuandoTodoEsValido" classname="Test Unit de DireccionService" time="0.072">
    <system-out><![CDATA[2026-06-21 21:30:22 [main] INFO  c.z.d.service.DireccionService - Iniciando actualizacion dirección: 3
2026-06-21 21:30:22 [main] INFO  c.z.d.service.DireccionService - Validando existencia del estado con ID: 1 a través de EstadoClient
2026-06-21 21:30:22 [main] INFO  c.z.d.service.DireccionService - Estado con ID: 1 validado correctamente
2026-06-21 21:30:22 [main] INFO  c.z.d.service.DireccionService - Validando existencia del usuario con ID: 45 a través de UsuarioClient
2026-06-21 21:30:22 [main] INFO  c.z.d.service.DireccionService - Usuario con ID: 45 validado correctamente
2026-06-21 21:30:22 [main] INFO  c.z.d.service.DireccionService - Dirección con id: 3 actualizada exitosamente
]]></system-out>
  </testcase>
  <testcase name="crearDireccion_DebeLanzarException_CuandoComunaNoExiste" classname="Test Unit de DireccionService" time="0.079">
    <system-out><![CDATA[2026-06-21 21:30:22 [main] INFO  c.z.d.service.DireccionService - Iniciando creacion de dirección para el usuario: 45
2026-06-21 21:30:22 [main] INFO  c.z.d.service.DireccionService - Validando existencia del estado con ID: 1 a través de EstadoClient
2026-06-21 21:30:22 [main] INFO  c.z.d.service.DireccionService - Estado con ID: 1 validado correctamente
2026-06-21 21:30:22 [main] INFO  c.z.d.service.DireccionService - Validando existencia del usuario con ID: 45 a través de UsuarioClient
2026-06-21 21:30:22 [main] INFO  c.z.d.service.DireccionService - Usuario con ID: 45 validado correctamente
2026-06-21 21:30:22 [main] WARN  c.z.d.service.DireccionService - Intento fallido de creación. Comuna no encontrada con id: 2
]]></system-out>
  </testcase>
  <testcase name="crearDireccion_DebeLanzarException_CuandoEstadoNoExisteEnMicroservicio" classname="Test Unit de DireccionService" time="0.028">
    <system-out><![CDATA[2026-06-21 21:30:22 [main] INFO  c.z.d.service.DireccionService - Iniciando creacion de dirección para el usuario: 45
2026-06-21 21:30:22 [main] INFO  c.z.d.service.DireccionService - Validando existencia del estado con ID: 1 a través de EstadoClient
2026-06-21 21:30:22 [main] WARN  c.z.d.service.DireccionService - El microservicio de estado devolvió un objeto nulo para el ID: 1
2026-06-21 21:30:22 [main] ERROR c.z.d.service.DireccionService - Error al comunicarse con el microservicio de estado para el ID: 1. Motivo: Estado no encontrado con ID: 1
]]></system-out>
  </testcase>
  <testcase name="obtenerPorId_debeRetornarDireccion_CuandoExiste" classname="Test Unit de DireccionService" time="0.013">
    <system-out><![CDATA[2026-06-21 21:30:22 [main] INFO  c.z.d.service.DireccionService - Buscando dirección con id: 3
]]></system-out>
  </testcase>
  <testcase name="eliminarDireccion_debeEliminar_CuandoExiste" classname="Test Unit de DireccionService" time="0.04">
    <system-out><![CDATA[2026-06-21 21:30:22 [main] INFO  c.z.d.service.DireccionService - Iniciando eliminacion de dirección: 3
2026-06-21 21:30:22 [main] INFO  c.z.d.service.DireccionService - Dirección con ID: 3 eliminada exitosamente
]]></system-out>
  </testcase>
  <testcase name="obtenerPorId_debeLanzarExcepcion_CuandoNoExiste" classname="Test Unit de DireccionService" time="0.013">
    <system-out><![CDATA[2026-06-21 21:30:22 [main] INFO  c.z.d.service.DireccionService - Buscando dirección con id: 99
2026-06-21 21:30:22 [main] WARN  c.z.d.service.DireccionService - No se encontró la dirección con el id: 99
]]></system-out>
  </testcase>
  <testcase name="actualizarDireccion_debeLanzarExcepcion_CuandoDireccionNoExiste" classname="Test Unit de DireccionService" time="0.214">
    <system-out><![CDATA[2026-06-21 21:30:22 [main] INFO  c.z.d.service.DireccionService - Iniciando actualizacion dirección: 99
2026-06-21 21:30:22 [main] INFO  c.z.d.service.DireccionService - Validando existencia del estado con ID: 1 a través de EstadoClient
2026-06-21 21:30:22 [main] INFO  c.z.d.service.DireccionService - Estado con ID: 1 validado correctamente
2026-06-21 21:30:22 [main] INFO  c.z.d.service.DireccionService - Validando existencia del usuario con ID: 45 a través de UsuarioClient
2026-06-21 21:30:22 [main] INFO  c.z.d.service.DireccionService - Usuario con ID: 45 validado correctamente
2026-06-21 21:30:22 [main] WARN  c.z.d.service.DireccionService - Intento fallido de actualización. Dirección no encontrada con id: 99
]]></system-out>
  </testcase>
  <testcase name="crearDireccion_DebeGuardar_CuandoComunaEstadoYUsuarioExisten" classname="Test Unit de DireccionService" time="0.106">
    <system-out><![CDATA[2026-06-21 21:30:22 [main] INFO  c.z.d.service.DireccionService - Iniciando creacion de dirección para el usuario: 45
2026-06-21 21:30:22 [main] INFO  c.z.d.service.DireccionService - Validando existencia del estado con ID: 1 a través de EstadoClient
2026-06-21 21:30:22 [main] INFO  c.z.d.service.DireccionService - Estado con ID: 1 validado correctamente
2026-06-21 21:30:22 [main] INFO  c.z.d.service.DireccionService - Validando existencia del usuario con ID: 45 a través de UsuarioClient
2026-06-21 21:30:22 [main] INFO  c.z.d.service.DireccionService - Usuario con ID: 45 validado correctamente
2026-06-21 21:30:22 [main] INFO  c.z.d.service.DireccionService - Dirección creada exitosamente con id: 3 para el usuario id: 45
]]></system-out>
  </testcase>
  <testcase name="crearDireccion_DebeLanzarException_CuandoUsuarioNoExisteEnMicroservicio" classname="Test Unit de DireccionService" time="0.064">
    <system-out><![CDATA[2026-06-21 21:30:23 [main] INFO  c.z.d.service.DireccionService - Iniciando creacion de dirección para el usuario: 45
2026-06-21 21:30:23 [main] INFO  c.z.d.service.DireccionService - Validando existencia del estado con ID: 1 a través de EstadoClient
2026-06-21 21:30:23 [main] INFO  c.z.d.service.DireccionService - Estado con ID: 1 validado correctamente
2026-06-21 21:30:23 [main] INFO  c.z.d.service.DireccionService - Validando existencia del usuario con ID: 45 a través de UsuarioClient
2026-06-21 21:30:23 [main] WARN  c.z.d.service.DireccionService - El microservicio de usuarios devolvió un objeto nulo para el ID: 45
2026-06-21 21:30:23 [main] ERROR c.z.d.service.DireccionService - Error al comunicarse con el microservicio de usuarios para el ID: 45. Motivo: Usuario no encontrado con ID: 45
]]></system-out>
  </testcase>
</testsuite>