<?xml version="1.0" encoding="UTF-8"?>
<testsuite xmlns:xsi="http://www.w3.org/2001/XMLSchema-instance" xsi:noNamespaceSchemaLocation="https://maven.apache.org/surefire/maven-surefire-plugin/xsd/surefire-test-report.xsd" version="3.0.2" name="com.zenvok.direccion.repository.ComunaRepositoryTest" time="4.094" tests="2" errors="0" skipped="0" failures="0" flakes="0">
  <properties>
[...]
</properties>
  <testcase name="findByNombreComunaIgnoreCase_debeRetornarComuna_CuandoExiste" classname="Test de Integración de ComunaRepository" time="0.833">
    <system-out><![CDATA[2026-06-21 21:30:10 [main] INFO  o.s.t.c.s.AnnotationConfigContextLoaderUtils - Could not detect default configuration classes for test class [com.zenvok.direccion.repository.ComunaRepositoryTest]: ComunaRepositoryTest does not declare any static, non-private, non-final, nested classes annotated with @Configuration.
2026-06-21 21:30:11 [main] INFO  o.s.b.t.c.SpringBootTestContextBootstrapper - Found @SpringBootConfiguration com.zenvok.direccion.DireccionApplication for test class com.zenvok.direccion.repository.ComunaRepositoryTest
2026-06-21 21:30:11 [main] INFO  o.s.t.c.s.AnnotationConfigContextLoaderUtils - Could not detect default configuration classes for test class [com.zenvok.direccion.repository.ComunaRepositoryTest]: ComunaRepositoryTest does not declare any static, non-private, non-final, nested classes annotated with @Configuration.
2026-06-21 21:30:11 [main] INFO  o.s.b.t.c.SpringBootTestContextBootstrapper - Found @SpringBootConfiguration com.zenvok.direccion.DireccionApplication for test class com.zenvok.direccion.repository.ComunaRepositoryTest
2026-06-21 21:30:11 [main] INFO  o.s.c.n.e.s.EurekaServiceRegistry - Unregistering application DIRECCION-TEST with eureka with status DOWN
2026-06-21 21:30:11 [main] INFO  c.netflix.discovery.DiscoveryClient - Saw local status change event StatusChangeEvent [timestamp=1782091811263, current=DOWN, previous=UP]
2026-06-21 21:30:11 [DiscoveryClient-InstanceInfoReplicator-%d] INFO  c.netflix.discovery.DiscoveryClient - DiscoveryClient_DIRECCION-TEST/direccion-test:8082: registering service...

  .   ____          _            __ _ _
 /\\ / ___'_ __ _ _(_)_ __  __ _ \ \ \ \
( ( )\___ | '_ | '_| | '_ \/ _` | \ \ \ \
 \\/  ___)| |_)| | | | | || (_| |  ) ) ) )
  '  |____| .__|_| |_|_| |_\__, | / / / /
 =========|_|==============|___/=/_/_/_/

 :: Spring Boot ::                (v4.0.6)

2026-06-21 21:30:11 [main] INFO  c.z.d.r.ComunaRepositoryTest - Starting ComunaRepositoryTest using Java 21.0.10 with PID 18136 (started by diefo in C:\Users\diefo\Desktop\Zenvok-main\direccion)
2026-06-21 21:30:11 [main] INFO  c.z.d.r.ComunaRepositoryTest - The following 1 profile is active: "test"
2026-06-21 21:30:12 [main] INFO  o.s.d.r.c.RepositoryConfigurationDelegate - Bootstrapping Spring Data JPA repositories in DEFAULT mode.
2026-06-21 21:30:12 [main] INFO  o.s.d.r.c.RepositoryConfigurationDelegate - Finished Spring Data repository scanning in 176 ms. Found 2 JPA repository interfaces.
2026-06-21 21:30:13 [main] INFO  org.hibernate.orm.jpa - HHH008540: Processing PersistenceUnitInfo [name: default]
2026-06-21 21:30:13 [main] INFO  o.s.o.j.p.SpringPersistenceUnitInfo - No LoadTimeWeaver setup: ignoring JPA class transformer
2026-06-21 21:30:13 [main] INFO  com.zaxxer.hikari.HikariDataSource - HikariPool-2 - Starting...
2026-06-21 21:30:13 [main] INFO  com.zaxxer.hikari.pool.HikariPool - HikariPool-2 - Added connection com.mysql.cj.jdbc.ConnectionImpl@605cf1c7
2026-06-21 21:30:13 [main] INFO  com.zaxxer.hikari.HikariDataSource - HikariPool-2 - Start completed.
2026-06-21 21:30:13 [main] WARN  org.hibernate.orm.core - HHH000511: The 5.5.5 version for [org.hibernate.dialect.MySQLDialect] is no longer supported, hence certain features may not work properly.The minimum supported version is 8.0.0. Check the community dialects project for available legacy versions.
2026-06-21 21:30:13 [main] WARN  org.hibernate.orm.deprecation - HHH90000025: MySQLDialect does not need to be specified explicitly using 'hibernate.dialect' (remove the property setting and it will be selected by default)
2026-06-21 21:30:13 [main] INFO  o.hibernate.orm.connections.pooling - HHH10001005: Database info:
	Database JDBC URL [jdbc:mysql://localhost:3306/bd_direccion_test?createDatabaseIfNotExist=true&useSSL=false&serverTimezone=America/Santiago&allowPublicKeyRetrieval=true]
	Database driver: MySQL Connector/J
	Database dialect: MySQLDialect
	Database version: 5.5.5
	Default catalog/schema: bd_direccion_test/undefined
	Autocommit mode: undefined/unknown
	Isolation level: REPEATABLE_READ [default REPEATABLE_READ]
	JDBC fetch size: none
	Pool: DataSourceConnectionProvider
	Minimum pool size: undefined/unknown
	Maximum pool size: undefined/unknown
2026-06-21 21:30:13 [main] INFO  org.hibernate.orm.core - HHH000489: No JTA platform available (set 'hibernate.transaction.jta.platform' to enable JTA platform integration)
Hibernate: 
    alter table direccion 
       drop 
       foreign key FKdh63uja7g08nw6eeu6diqiwa
Hibernate: 
    drop table if exists comuna
Hibernate: 
    drop table if exists direccion
Hibernate: 
    create table comuna (
        id bigint not null auto_increment,
        nombre_comuna varchar(255) not null,
        primary key (id)
    ) engine=InnoDB
Hibernate: 
    create table direccion (
        numeracion integer not null,
        comuna_id bigint not null,
        estado_id bigint not null,
        id bigint not null auto_increment,
        usuario_id bigint not null,
        block varchar(100),
        calle varchar(100) not null,
        primary key (id)
    ) engine=InnoDB
Hibernate: 
    alter table comuna 
       add constraint UK52pkslgurbfdfw3sp1yflvlpd unique (nombre_comuna)
Hibernate: 
    alter table direccion 
       add constraint FKdh63uja7g08nw6eeu6diqiwa 
       foreign key (comuna_id) 
       references comuna (id)
2026-06-21 21:30:13 [main] INFO  o.s.o.j.LocalContainerEntityManagerFactoryBean - Initialized JPA EntityManagerFactory for persistence unit 'default'
2026-06-21 21:30:14 [main] INFO  c.z.d.r.ComunaRepositoryTest - Started ComunaRepositoryTest in 2.824 seconds (process running for 67.643)
Hibernate: 
    insert 
    into
        comuna
        (nombre_comuna) 
    values
        (?)
Hibernate: 
    select
        c1_0.id,
        c1_0.nombre_comuna 
    from
        comuna c1_0 
    where
        upper(c1_0.nombre_comuna)=upper(?)
]]></system-out>
  </testcase>
  <testcase name="findByNombreComunaIgnoreCase_debeRetornarVacio_CuandoNoExiste" classname="Test de Integración de ComunaRepository" time="0.074">
    <system-out><![CDATA[Hibernate: 
    select
        c1_0.id,
        c1_0.nombre_comuna 
    from
        comuna c1_0 
    where
        upper(c1_0.nombre_comuna)=upper(?)
]]></system-out>
  </testcase>
</testsuite>